<?xml version="1.0" encoding="UTF-8"?>
<!-- Generated by org.testng.reporters.JUnitReportReporter -->
<testsuite hostname="bright_pc" failures="0" tests="1" name="checkState.CheckState" time="1.980" errors="0" timestamp="2022-06-29T21:39:57 MSK" skipped="0">
  <testcase classname="checkState.CheckState" name="checkStateList" time="1.980"/>
  <system-out/>
</testsuite> <!-- checkState.CheckState -->
